Determining if the pthread_create exist failed with the following output:
Change Dir: /home/alex/work/AI-MAS/projects/CONSERT/dev/consert-project/catkin_ws/build/CMakeFiles/CMakeTmp

Run Build Command:/usr/bin/make "cmTryCompileExec2763077963/fast"
/usr/bin/make -f CMakeFiles/cmTryCompileExec2763077963.dir/build.make CMakeFiles/cmTryCompileExec2763077963.dir/build
make[1]: Entering directory `/home/alex/work/AI-MAS/projects/CONSERT/dev/consert-project/catkin_ws/build/CMakeFiles/CMakeTmp'
/usr/bin/cmake -E cmake_progress_report /home/alex/work/AI-MAS/projects/CONSERT/dev/consert-project/catkin_ws/build/CMakeFiles/CMakeTmp/CMakeFiles 1
Building C object CMakeFiles/cmTryCompileExec2763077963.dir/CheckSymbolExists.c.o
/usr/bin/cc    -o CMakeFiles/cmTryCompileExec2763077963.dir/CheckSymbolExists.c.o   -c /home/alex/work/AI-MAS/projects/CONSERT/dev/consert-project/catkin_ws/build/CMakeFiles/CMakeTmp/CheckSymbolExists.c
Linking C executable cmTryCompileExec2763077963
/usr/bin/cmake -E cmake_link_script CMakeFiles/cmTryCompileExec2763077963.dir/link.txt --verbose=1
/usr/bin/cc       CMakeFiles/cmTryCompileExec2763077963.dir/CheckSymbolExists.c.o  -o cmTryCompileExec2763077963 -rdynamic 
CMakeFiles/cmTryCompileExec2763077963.dir/CheckSymbolExists.c.o: In function `main':
CheckSymbolExists.c:(.text+0x16): undefined reference to `pthread_create'
collect2: error: ld returned 1 exit status
make[1]: *** [cmTryCompileExec2763077963] Error 1
make[1]: Leaving directory `/home/alex/work/AI-MAS/projects/CONSERT/dev/consert-project/catkin_ws/build/CMakeFiles/CMakeTmp'
make: *** [cmTryCompileExec2763077963/fast] Error 2

File /home/alex/work/AI-MAS/projects/CONSERT/dev/consert-project/catkin_ws/build/CMakeFiles/CMakeTmp/CheckSymbolExists.c:
/* */
#include <pthread.h>

int main(int argc, char** argv)
{
  (void)argv;
#ifndef pthread_create
  return ((int*)(&pthread_create))[argc];
#else
  (void)argc;
  return 0;
#endif
}

Determining if the function pthread_create exists in the pthreads failed with the following output:
Change Dir: /home/alex/work/AI-MAS/projects/CONSERT/dev/consert-project/catkin_ws/build/CMakeFiles/CMakeTmp

Run Build Command:/usr/bin/make "cmTryCompileExec994066482/fast"
/usr/bin/make -f CMakeFiles/cmTryCompileExec994066482.dir/build.make CMakeFiles/cmTryCompileExec994066482.dir/build
make[1]: Entering directory `/home/alex/work/AI-MAS/projects/CONSERT/dev/consert-project/catkin_ws/build/CMakeFiles/CMakeTmp'
/usr/bin/cmake -E cmake_progress_report /home/alex/work/AI-MAS/projects/CONSERT/dev/consert-project/catkin_ws/build/CMakeFiles/CMakeTmp/CMakeFiles 1
Building C object CMakeFiles/cmTryCompileExec994066482.dir/CheckFunctionExists.c.o
/usr/bin/cc   -DCHECK_FUNCTION_EXISTS=pthread_create   -o CMakeFiles/cmTryCompileExec994066482.dir/CheckFunctionExists.c.o   -c /usr/share/cmake-2.8/Modules/CheckFunctionExists.c
Linking C executable cmTryCompileExec994066482
/usr/bin/cmake -E cmake_link_script CMakeFiles/cmTryCompileExec994066482.dir/link.txt --verbose=1
/usr/bin/cc   -DCHECK_FUNCTION_EXISTS=pthread_create    CMakeFiles/cmTryCompileExec994066482.dir/CheckFunctionExists.c.o  -o cmTryCompileExec994066482 -rdynamic -lpthreads 
/usr/bin/ld: cannot find -lpthreads
collect2: error: ld returned 1 exit status
make[1]: *** [cmTryCompileExec994066482] Error 1
make[1]: Leaving directory `/home/alex/work/AI-MAS/projects/CONSERT/dev/consert-project/catkin_ws/build/CMakeFiles/CMakeTmp'
make: *** [cmTryCompileExec994066482/fast] Error 2


